2018-03-23 12:20:32.609  INFO 5250 --- [main] c.r.g.GatewayServerApplication           : No active profile set, falling back to default profiles: default
2018-03-23 12:20:32.643  INFO 5250 --- [main] ConfigServletWebServerApplicationContext : Refreshing org.springframework.boot.web.servlet.context.AnnotationConfigServletWebServerApplicationContext@40317ba2: startup date [Fri Mar 23 12:20:32 CST 2018]; parent: org.springframework.context.annotation.AnnotationConfigApplicationContext@3349e9bb
2018-03-23 12:20:34.153  INFO 5250 --- [main] o.s.b.f.s.DefaultListableBeanFactory     : Overriding bean definition for bean 'environmentWebEndpointExtension' with a different definition: replacing [Root bean: class [null]; scope=; abstract=false; lazyInit=false; autowireMode=3; dependencyCheck=0; autowireCandidate=true; primary=false; factoryBeanName=org.springframework.boot.actuate.autoconfigure.env.EnvironmentEndpointAutoConfiguration; factoryMethodName=environmentWebEndpointExtension; initMethodName=null; destroyMethodName=(inferred); defined in class path resource [org/springframework/boot/actuate/autoconfigure/env/EnvironmentEndpointAutoConfiguration.class]] with [Root bean: class [null]; scope=; abstract=false; lazyInit=false; autowireMode=3; dependencyCheck=0; autowireCandidate=true; primary=false; factoryBeanName=org.springframework.cloud.autoconfigure.LifecycleMvcEndpointAutoConfiguration$EndpointConfiguration; factoryMethodName=environmentWebEndpointExtension; initMethodName=null; destroyMethodName=(inferred); defined in class path resource [org/springframework/cloud/autoconfigure/LifecycleMvcEndpointAutoConfiguration$EndpointConfiguration.class]]
2018-03-23 12:20:34.605  INFO 5250 --- [main] o.s.cloud.context.scope.GenericScope     : BeanFactory id=e57414d7-f7c1-39e7-b03a-ea2bdd13dc91
2018-03-23 12:20:34.657  INFO 5250 --- [main] f.a.AutowiredAnnotationBeanPostProcessor : JSR-330 'javax.inject.Inject' annotation found and supported for autowiring
2018-03-23 12:20:34.926  INFO 5250 --- [main] trationDelegate$BeanPostProcessorChecker : Bean 'org.springframework.cloud.autoconfigure.ConfigurationPropertiesRebinderAutoConfiguration' of type [org.springframework.cloud.autoconfigure.ConfigurationPropertiesRebinderAutoConfiguration$$EnhancerBySpringCGLIB$$5e6de61b] is not eligible for getting processed by all BeanPostProcessors (for example: not eligible for auto-proxying)
2018-03-23 12:20:35.448  INFO 5250 --- [main] o.s.b.w.embedded.tomcat.TomcatWebServer  : Tomcat initialized with port(s): 8080 (http)
2018-03-23 12:20:35.498  INFO 5250 --- [main] o.apache.catalina.core.StandardService   : Starting service [Tomcat]
2018-03-23 12:20:35.499  INFO 5250 --- [main] org.apache.catalina.core.StandardEngine  : Starting Servlet Engine: Apache Tomcat/8.5.28
2018-03-23 12:20:35.508  INFO 5250 --- [localhost-startStop-1] o.a.catalina.core.AprLifecycleListener   : The APR based Apache Tomcat Native library which allows optimal performance in production environments was not found on the java.library.path: [/usr/java/packages/lib/amd64:/usr/lib64:/lib64:/lib:/usr/lib]
2018-03-23 12:20:35.876  INFO 5250 --- [localhost-startStop-1] o.a.c.c.C.[Tomcat].[localhost].[/]       : Initializing Spring embedded WebApplicationContext
2018-03-23 12:20:35.877  INFO 5250 --- [localhost-startStop-1] o.s.web.context.ContextLoader            : Root WebApplicationContext: initialization completed in 3233 ms
2018-03-23 12:20:37.739  INFO 5250 --- [localhost-startStop-1] o.s.b.w.servlet.ServletRegistrationBean  : Servlet dispatcherServlet mapped to [/]
2018-03-23 12:20:37.749  INFO 5250 --- [localhost-startStop-1] o.s.b.w.servlet.FilterRegistrationBean   : Mapping filter: 'characterEncodingFilter' to: [/*]
2018-03-23 12:20:37.750  INFO 5250 --- [localhost-startStop-1] o.s.b.w.servlet.FilterRegistrationBean   : Mapping filter: 'hiddenHttpMethodFilter' to: [/*]
2018-03-23 12:20:37.751  INFO 5250 --- [localhost-startStop-1] o.s.b.w.servlet.FilterRegistrationBean   : Mapping filter: 'httpPutFormContentFilter' to: [/*]
2018-03-23 12:20:37.751  INFO 5250 --- [localhost-startStop-1] o.s.b.w.servlet.FilterRegistrationBean   : Mapping filter: 'requestContextFilter' to: [/*]
2018-03-23 12:20:37.751  INFO 5250 --- [localhost-startStop-1] o.s.b.w.servlet.FilterRegistrationBean   : Mapping filter: 'httpTraceFilter' to: [/*]
2018-03-23 12:20:37.752  INFO 5250 --- [localhost-startStop-1] o.s.b.w.servlet.FilterRegistrationBean   : Mapping filter: 'webMvcMetricsFilter' to: [/*]
2018-03-23 12:20:37.989  WARN 5250 --- [main] c.n.c.sources.URLConfigurationSource     : No URLs will be polled as dynamic configuration sources.
2018-03-23 12:20:37.990  INFO 5250 --- [main] c.n.c.sources.URLConfigurationSource     : To enable URLs as dynamic configuration sources, define System property archaius.configurationSource.additionalUrls or make config.properties available on classpath.
2018-03-23 12:20:37.995  WARN 5250 --- [main] c.n.c.sources.URLConfigurationSource     : No URLs will be polled as dynamic configuration sources.
2018-03-23 12:20:37.995  INFO 5250 --- [main] c.n.c.sources.URLConfigurationSource     : To enable URLs as dynamic configuration sources, define System property archaius.configurationSource.additionalUrls or make config.properties available on classpath.
2018-03-23 12:20:38.399  INFO 5250 --- [main] s.w.s.m.m.a.RequestMappingHandlerAdapter : Looking for @ControllerAdvice: org.springframework.boot.web.servlet.context.AnnotationConfigServletWebServerApplicationContext@40317ba2: startup date [Fri Mar 23 12:20:32 CST 2018]; parent: org.springframework.context.annotation.AnnotationConfigApplicationContext@3349e9bb
2018-03-23 12:20:38.506  INFO 5250 --- [main] s.w.s.m.m.a.RequestMappingHandlerMapping : Mapped "{[/error],produces=[text/html]}" onto public org.springframework.web.servlet.ModelAndView org.springframework.boot.autoconfigure.web.servlet.error.BasicErrorController.errorHtml(javax.servlet.http.HttpServletRequest,javax.servlet.http.HttpServletResponse)
2018-03-23 12:20:38.508  INFO 5250 --- [main] s.w.s.m.m.a.RequestMappingHandlerMapping : Mapped "{[/error]}" onto public org.springframework.http.ResponseEntity<java.util.Map<java.lang.String, java.lang.Object>> org.springframework.boot.autoconfigure.web.servlet.error.BasicErrorController.error(javax.servlet.http.HttpServletRequest)
2018-03-23 12:20:38.580  INFO 5250 --- [main] o.s.w.s.handler.SimpleUrlHandlerMapping  : Mapped URL path [/webjars/**] onto handler of type [class org.springframework.web.servlet.resource.ResourceHttpRequestHandler]
2018-03-23 12:20:38.580  INFO 5250 --- [main] o.s.w.s.handler.SimpleUrlHandlerMapping  : Mapped URL path [/**] onto handler of type [class org.springframework.web.servlet.resource.ResourceHttpRequestHandler]
2018-03-23 12:20:38.651  INFO 5250 --- [main] o.s.w.s.handler.SimpleUrlHandlerMapping  : Mapped URL path [/**/favicon.ico] onto handler of type [class org.springframework.web.servlet.resource.ResourceHttpRequestHandler]
2018-03-23 12:20:39.369  INFO 5250 --- [main] s.b.a.e.w.s.WebMvcEndpointHandlerMapping : Mapped "{[/actuator/health],methods=[GET],produces=[application/vnd.spring-boot.actuator.v2+json || application/json]}" onto public java.lang.Object org.springframework.boot.actuate.endpoint.web.servlet.AbstractWebMvcEndpointHandlerMapping$OperationHandler.handle(javax.servlet.http.HttpServletRequest,java.util.Map<java.lang.String, java.lang.String>)
2018-03-23 12:20:39.371  INFO 5250 --- [main] s.b.a.e.w.s.WebMvcEndpointHandlerMapping : Mapped "{[/actuator/info],methods=[GET],produces=[application/vnd.spring-boot.actuator.v2+json || application/json]}" onto public java.lang.Object org.springframework.boot.actuate.endpoint.web.servlet.AbstractWebMvcEndpointHandlerMapping$OperationHandler.handle(javax.servlet.http.HttpServletRequest,java.util.Map<java.lang.String, java.lang.String>)
2018-03-23 12:20:39.373  INFO 5250 --- [main] s.b.a.e.w.s.WebMvcEndpointHandlerMapping : Mapped "{[/actuator],methods=[GET],produces=[application/vnd.spring-boot.actuator.v2+json || application/json]}" onto protected java.util.Map<java.lang.String, java.util.Map<java.lang.String, org.springframework.boot.actuate.endpoint.web.Link>> org.springframework.boot.actuate.endpoint.web.servlet.WebMvcEndpointHandlerMapping.links(javax.servlet.http.HttpServletRequest,javax.servlet.http.HttpServletResponse)
2018-03-23 12:20:39.493  INFO 5250 --- [main] o.s.j.e.a.AnnotationMBeanExporter        : Registering beans for JMX exposure on startup
2018-03-23 12:20:39.513  INFO 5250 --- [main] o.s.j.e.a.AnnotationMBeanExporter        : Bean with name 'configurationPropertiesRebinder' has been autodetected for JMX exposure
2018-03-23 12:20:39.514  INFO 5250 --- [main] o.s.j.e.a.AnnotationMBeanExporter        : Bean with name 'environmentManager' has been autodetected for JMX exposure
2018-03-23 12:20:39.516  INFO 5250 --- [main] o.s.j.e.a.AnnotationMBeanExporter        : Bean with name 'refreshScope' has been autodetected for JMX exposure
2018-03-23 12:20:39.520  INFO 5250 --- [main] o.s.j.e.a.AnnotationMBeanExporter        : Located managed bean 'environmentManager': registering with JMX server as MBean [org.springframework.cloud.context.environment:name=environmentManager,type=EnvironmentManager]
2018-03-23 12:20:39.533  INFO 5250 --- [main] o.s.j.e.a.AnnotationMBeanExporter        : Located managed bean 'refreshScope': registering with JMX server as MBean [org.springframework.cloud.context.scope.refresh:name=refreshScope,type=RefreshScope]
2018-03-23 12:20:39.553  INFO 5250 --- [main] o.s.j.e.a.AnnotationMBeanExporter        : Located managed bean 'configurationPropertiesRebinder': registering with JMX server as MBean [org.springframework.cloud.context.properties:name=configurationPropertiesRebinder,context=40317ba2,type=ConfigurationPropertiesRebinder]
2018-03-23 12:20:39.573  INFO 5250 --- [main] o.s.c.support.DefaultLifecycleProcessor  : Starting beans in phase 0
2018-03-23 12:20:39.590  INFO 5250 --- [main] o.s.c.n.eureka.InstanceInfoFactory       : Setting initial instance status as: STARTING
2018-03-23 12:20:39.652  INFO 5250 --- [main] com.netflix.discovery.DiscoveryClient    : Initializing Eureka in region us-east-1
2018-03-23 12:20:40.012  INFO 5250 --- [main] c.n.d.provider.DiscoveryJerseyProvider   : Using JSON encoding codec LegacyJacksonJson
2018-03-23 12:20:40.012  INFO 5250 --- [main] c.n.d.provider.DiscoveryJerseyProvider   : Using JSON decoding codec LegacyJacksonJson
2018-03-23 12:20:40.197  INFO 5250 --- [main] c.n.d.provider.DiscoveryJerseyProvider   : Using XML encoding codec XStreamXml
2018-03-23 12:20:40.197  INFO 5250 --- [main] c.n.d.provider.DiscoveryJerseyProvider   : Using XML decoding codec XStreamXml
2018-03-23 12:20:40.466  INFO 5250 --- [main] c.n.d.s.r.aws.ConfigClusterResolver      : Resolving eureka endpoints via configuration
2018-03-23 12:20:40.500  INFO 5250 --- [main] com.netflix.discovery.DiscoveryClient    : Disable delta property : false
2018-03-23 12:20:40.500  INFO 5250 --- [main] com.netflix.discovery.DiscoveryClient    : Single vip registry refresh property : null
2018-03-23 12:20:40.501  INFO 5250 --- [main] com.netflix.discovery.DiscoveryClient    : Force full registry fetch : false
2018-03-23 12:20:40.501  INFO 5250 --- [main] com.netflix.discovery.DiscoveryClient    : Application is null : false
2018-03-23 12:20:40.501  INFO 5250 --- [main] com.netflix.discovery.DiscoveryClient    : Registered Applications size is zero : true
2018-03-23 12:20:40.501  INFO 5250 --- [main] com.netflix.discovery.DiscoveryClient    : Application version is -1: true
2018-03-23 12:20:40.502  INFO 5250 --- [main] com.netflix.discovery.DiscoveryClient    : Getting all instance registry info from the eureka server
2018-03-23 12:20:40.853  INFO 5250 --- [main] com.netflix.discovery.DiscoveryClient    : The response status is 200
2018-03-23 12:20:40.862  INFO 5250 --- [main] com.netflix.discovery.DiscoveryClient    : Starting heartbeat executor: renew interval is: 30
2018-03-23 12:20:40.866  INFO 5250 --- [main] c.n.discovery.InstanceInfoReplicator     : InstanceInfoReplicator onDemand update allowed rate per min is 4
2018-03-23 12:20:40.872  INFO 5250 --- [main] com.netflix.discovery.DiscoveryClient    : Discovery Client initialized at timestamp 1521778840871 with initial instances count: 0
2018-03-23 12:20:40.881  INFO 5250 --- [main] o.s.c.n.e.s.EurekaServiceRegistry        : Registering application gateway-server:088be50168e4eb188d43130964e24f19 with eureka with status UP
2018-03-23 12:20:40.882  INFO 5250 --- [main] com.netflix.discovery.DiscoveryClient    : Saw local status change event StatusChangeEvent [timestamp=1521778840882, current=UP, previous=STARTING]
2018-03-23 12:20:40.884  INFO 5250 --- [DiscoveryClient-InstanceInfoReplicator-0] com.netflix.discovery.DiscoveryClient    : DiscoveryClient_GATEWAY-SERVER:088BE50168E4EB188D43130964E24F19/192.168.1.101:gateway-server:8080: registering service...
2018-03-23 12:20:40.944  INFO 5250 --- [main] o.s.b.w.embedded.tomcat.TomcatWebServer  : Tomcat started on port(s): 8080 (http) with context path ''
2018-03-23 12:20:40.946  INFO 5250 --- [main] .s.c.n.e.s.EurekaAutoServiceRegistration : Updating port to 8080
2018-03-23 12:20:40.950  INFO 5250 --- [main] c.r.g.GatewayServerApplication           : Started GatewayServerApplication in 11.99 seconds (JVM running for 14.396)
2018-03-23 12:20:41.135  INFO 5250 --- [DiscoveryClient-InstanceInfoReplicator-0] com.netflix.discovery.DiscoveryClient    : DiscoveryClient_GATEWAY-SERVER:088BE50168E4EB188D43130964E24F19/192.168.1.101:gateway-server:8080 - registration status: 204
2018-03-23 12:20:41.668  INFO 5250 --- [RMI TCP Connection(14)-127.0.0.1] o.a.c.c.C.[Tomcat].[localhost].[/]       : Initializing Spring FrameworkServlet 'dispatcherServlet'
2018-03-23 12:20:41.669  INFO 5250 --- [RMI TCP Connection(14)-127.0.0.1] o.s.web.servlet.DispatcherServlet        : FrameworkServlet 'dispatcherServlet': initialization started
2018-03-23 12:20:41.694  INFO 5250 --- [RMI TCP Connection(14)-127.0.0.1] o.s.web.servlet.DispatcherServlet        : FrameworkServlet 'dispatcherServlet': initialization completed in 25 ms
2018-03-23 12:20:44.589  INFO 5250 --- [Thread-32] ConfigServletWebServerApplicationContext : Closing org.springframework.boot.web.servlet.context.AnnotationConfigServletWebServerApplicationContext@40317ba2: startup date [Fri Mar 23 12:20:32 CST 2018]; parent: org.springframework.context.annotation.AnnotationConfigApplicationContext@3349e9bb
2018-03-23 12:20:44.590  INFO 5250 --- [Thread-32] o.s.c.n.e.s.EurekaServiceRegistry        : Unregistering application gateway-server:088be50168e4eb188d43130964e24f19 with eureka with status DOWN
2018-03-23 12:20:44.591  WARN 5250 --- [Thread-32] com.netflix.discovery.DiscoveryClient    : Saw local status change event StatusChangeEvent [timestamp=1521778844591, current=DOWN, previous=UP]
2018-03-23 12:20:44.591  INFO 5250 --- [DiscoveryClient-InstanceInfoReplicator-0] com.netflix.discovery.DiscoveryClient    : DiscoveryClient_GATEWAY-SERVER:088BE50168E4EB188D43130964E24F19/192.168.1.101:gateway-server:8080: registering service...
2018-03-23 12:20:44.593  INFO 5250 --- [Thread-32] o.s.c.support.DefaultLifecycleProcessor  : Stopping beans in phase 0
2018-03-23 12:20:44.595  INFO 5250 --- [Thread-32] o.s.j.e.a.AnnotationMBeanExporter        : Unregistering JMX-exposed beans on shutdown
2018-03-23 12:20:44.596  INFO 5250 --- [Thread-32] o.s.j.e.a.AnnotationMBeanExporter        : Unregistering JMX-exposed beans
2018-03-23 12:20:44.601  INFO 5250 --- [Thread-32] com.netflix.discovery.DiscoveryClient    : Shutting down DiscoveryClient ...
2018-03-23 12:20:44.602  INFO 5250 --- [Thread-32] com.netflix.discovery.DiscoveryClient    : Unregistering ...
2018-03-23 12:20:44.642  INFO 5250 --- [DiscoveryClient-InstanceInfoReplicator-0] com.netflix.discovery.DiscoveryClient    : DiscoveryClient_GATEWAY-SERVER:088BE50168E4EB188D43130964E24F19/192.168.1.101:gateway-server:8080 - registration status: 204
2018-03-23 12:20:44.696  INFO 5250 --- [Thread-32] com.netflix.discovery.DiscoveryClient    : DiscoveryClient_GATEWAY-SERVER:088BE50168E4EB188D43130964E24F19/192.168.1.101:gateway-server:8080 - deregister  status: 200
2018-03-23 12:20:44.724  INFO 5250 --- [Thread-32] com.netflix.discovery.DiscoveryClient    : Completed shut down of DiscoveryClient
2018-03-23 12:26:29.610  INFO 6006 --- [main] c.r.g.GatewayServerApplicationTests      : No active profile set, falling back to default profiles: default
2018-03-23 12:26:29.625  INFO 6006 --- [main] o.s.w.c.s.GenericWebApplicationContext   : Refreshing org.springframework.web.context.support.GenericWebApplicationContext@2262b621: startup date [Fri Mar 23 12:26:29 CST 2018]; parent: org.springframework.context.annotation.AnnotationConfigApplicationContext@609bcfb6
2018-03-23 12:26:30.918  INFO 6006 --- [main] o.s.b.f.s.DefaultListableBeanFactory     : Overriding bean definition for bean 'environmentWebEndpointExtension' with a different definition: replacing [Root bean: class [null]; scope=; abstract=false; lazyInit=false; autowireMode=3; dependencyCheck=0; autowireCandidate=true; primary=false; factoryBeanName=org.springframework.boot.actuate.autoconfigure.env.EnvironmentEndpointAutoConfiguration; factoryMethodName=environmentWebEndpointExtension; initMethodName=null; destroyMethodName=(inferred); defined in class path resource [org/springframework/boot/actuate/autoconfigure/env/EnvironmentEndpointAutoConfiguration.class]] with [Root bean: class [null]; scope=; abstract=false; lazyInit=false; autowireMode=3; dependencyCheck=0; autowireCandidate=true; primary=false; factoryBeanName=org.springframework.cloud.autoconfigure.LifecycleMvcEndpointAutoConfiguration$EndpointConfiguration; factoryMethodName=environmentWebEndpointExtension; initMethodName=null; destroyMethodName=(inferred); defined in class path resource [org/springframework/cloud/autoconfigure/LifecycleMvcEndpointAutoConfiguration$EndpointConfiguration.class]]
2018-03-23 12:26:31.534  INFO 6006 --- [main] o.s.cloud.context.scope.GenericScope     : BeanFactory id=9f84b2c7-55ed-33e2-a717-10d86cb94d48
2018-03-23 12:26:31.648  INFO 6006 --- [main] f.a.AutowiredAnnotationBeanPostProcessor : JSR-330 'javax.inject.Inject' annotation found and supported for autowiring
2018-03-23 12:26:31.877  INFO 6006 --- [main] trationDelegate$BeanPostProcessorChecker : Bean 'org.springframework.cloud.autoconfigure.ConfigurationPropertiesRebinderAutoConfiguration' of type [org.springframework.cloud.autoconfigure.ConfigurationPropertiesRebinderAutoConfiguration$$EnhancerBySpringCGLIB$$552623b] is not eligible for getting processed by all BeanPostProcessors (for example: not eligible for auto-proxying)
2018-03-23 12:26:32.547  WARN 6006 --- [main] c.n.c.sources.URLConfigurationSource     : No URLs will be polled as dynamic configuration sources.
2018-03-23 12:26:32.548  INFO 6006 --- [main] c.n.c.sources.URLConfigurationSource     : To enable URLs as dynamic configuration sources, define System property archaius.configurationSource.additionalUrls or make config.properties available on classpath.
2018-03-23 12:26:32.562  WARN 6006 --- [main] c.n.c.sources.URLConfigurationSource     : No URLs will be polled as dynamic configuration sources.
2018-03-23 12:26:32.563  INFO 6006 --- [main] c.n.c.sources.URLConfigurationSource     : To enable URLs as dynamic configuration sources, define System property archaius.configurationSource.additionalUrls or make config.properties available on classpath.
2018-03-23 12:26:32.988  INFO 6006 --- [main] s.w.s.m.m.a.RequestMappingHandlerAdapter : Looking for @ControllerAdvice: org.springframework.web.context.support.GenericWebApplicationContext@2262b621: startup date [Fri Mar 23 12:26:29 CST 2018]; parent: org.springframework.context.annotation.AnnotationConfigApplicationContext@609bcfb6
2018-03-23 12:26:33.159  INFO 6006 --- [main] s.w.s.m.m.a.RequestMappingHandlerMapping : Mapped "{[/error],produces=[text/html]}" onto public org.springframework.web.servlet.ModelAndView org.springframework.boot.autoconfigure.web.servlet.error.BasicErrorController.errorHtml(javax.servlet.http.HttpServletRequest,javax.servlet.http.HttpServletResponse)
2018-03-23 12:26:33.161  INFO 6006 --- [main] s.w.s.m.m.a.RequestMappingHandlerMapping : Mapped "{[/error]}" onto public org.springframework.http.ResponseEntity<java.util.Map<java.lang.String, java.lang.Object>> org.springframework.boot.autoconfigure.web.servlet.error.BasicErrorController.error(javax.servlet.http.HttpServletRequest)
2018-03-23 12:26:33.263  INFO 6006 --- [main] o.s.w.s.handler.SimpleUrlHandlerMapping  : Mapped URL path [/webjars/**] onto handler of type [class org.springframework.web.servlet.resource.ResourceHttpRequestHandler]
2018-03-23 12:26:33.264  INFO 6006 --- [main] o.s.w.s.handler.SimpleUrlHandlerMapping  : Mapped URL path [/**] onto handler of type [class org.springframework.web.servlet.resource.ResourceHttpRequestHandler]
2018-03-23 12:26:33.375  INFO 6006 --- [main] o.s.w.s.handler.SimpleUrlHandlerMapping  : Mapped URL path [/**/favicon.ico] onto handler of type [class org.springframework.web.servlet.resource.ResourceHttpRequestHandler]
2018-03-23 12:26:35.612  INFO 6006 --- [main] s.b.a.e.w.s.WebMvcEndpointHandlerMapping : Mapped "{[/actuator/health],methods=[GET],produces=[application/vnd.spring-boot.actuator.v2+json || application/json]}" onto public java.lang.Object org.springframework.boot.actuate.endpoint.web.servlet.AbstractWebMvcEndpointHandlerMapping$OperationHandler.handle(javax.servlet.http.HttpServletRequest,java.util.Map<java.lang.String, java.lang.String>)
2018-03-23 12:26:35.614  INFO 6006 --- [main] s.b.a.e.w.s.WebMvcEndpointHandlerMapping : Mapped "{[/actuator/info],methods=[GET],produces=[application/vnd.spring-boot.actuator.v2+json || application/json]}" onto public java.lang.Object org.springframework.boot.actuate.endpoint.web.servlet.AbstractWebMvcEndpointHandlerMapping$OperationHandler.handle(javax.servlet.http.HttpServletRequest,java.util.Map<java.lang.String, java.lang.String>)
2018-03-23 12:26:35.624  INFO 6006 --- [main] s.b.a.e.w.s.WebMvcEndpointHandlerMapping : Mapped "{[/actuator],methods=[GET],produces=[application/vnd.spring-boot.actuator.v2+json || application/json]}" onto protected java.util.Map<java.lang.String, java.util.Map<java.lang.String, org.springframework.boot.actuate.endpoint.web.Link>> org.springframework.boot.actuate.endpoint.web.servlet.WebMvcEndpointHandlerMapping.links(javax.servlet.http.HttpServletRequest,javax.servlet.http.HttpServletResponse)
2018-03-23 12:26:35.863  INFO 6006 --- [main] o.s.c.support.DefaultLifecycleProcessor  : Starting beans in phase 0
2018-03-23 12:26:35.896  INFO 6006 --- [main] c.r.g.GatewayServerApplicationTests      : Started GatewayServerApplicationTests in 8.338 seconds (JVM running for 10.089)
2018-03-23 12:26:36.225  INFO 6006 --- [Thread-5] o.s.w.c.s.GenericWebApplicationContext   : Closing org.springframework.web.context.support.GenericWebApplicationContext@2262b621: startup date [Fri Mar 23 12:26:29 CST 2018]; parent: org.springframework.context.annotation.AnnotationConfigApplicationContext@609bcfb6
2018-03-23 12:26:36.250  INFO 6006 --- [Thread-5] o.s.c.n.eureka.InstanceInfoFactory       : Setting initial instance status as: STARTING
2018-03-23 12:26:36.262  INFO 6006 --- [Thread-5] o.s.c.n.e.s.EurekaServiceRegistry        : Unregistering application gateway-server:abe8ac1e6c8975bf5c95309e852af4bc with eureka with status DOWN
2018-03-23 12:26:36.265  INFO 6006 --- [Thread-5] o.s.c.support.DefaultLifecycleProcessor  : Stopping beans in phase 0
2018-03-23 12:26:36.388  INFO 6006 --- [Thread-5] com.netflix.discovery.DiscoveryClient    : Initializing Eureka in region us-east-1
2018-03-23 12:26:36.816  INFO 6006 --- [Thread-5] c.n.d.provider.DiscoveryJerseyProvider   : Using JSON encoding codec LegacyJacksonJson
2018-03-23 12:26:36.816  INFO 6006 --- [Thread-5] c.n.d.provider.DiscoveryJerseyProvider   : Using JSON decoding codec LegacyJacksonJson
2018-03-23 12:26:37.035  INFO 6006 --- [Thread-5] c.n.d.provider.DiscoveryJerseyProvider   : Using XML encoding codec XStreamXml
2018-03-23 12:26:37.035  INFO 6006 --- [Thread-5] c.n.d.provider.DiscoveryJerseyProvider   : Using XML decoding codec XStreamXml
2018-03-23 12:26:37.406  INFO 6006 --- [Thread-5] c.n.d.s.r.aws.ConfigClusterResolver      : Resolving eureka endpoints via configuration
2018-03-23 12:26:37.464  INFO 6006 --- [Thread-5] com.netflix.discovery.DiscoveryClient    : Disable delta property : false
2018-03-23 12:26:37.465  INFO 6006 --- [Thread-5] com.netflix.discovery.DiscoveryClient    : Single vip registry refresh property : null
2018-03-23 12:26:37.465  INFO 6006 --- [Thread-5] com.netflix.discovery.DiscoveryClient    : Force full registry fetch : false
2018-03-23 12:26:37.466  INFO 6006 --- [Thread-5] com.netflix.discovery.DiscoveryClient    : Application is null : false
2018-03-23 12:26:37.466  INFO 6006 --- [Thread-5] com.netflix.discovery.DiscoveryClient    : Registered Applications size is zero : true
2018-03-23 12:26:37.466  INFO 6006 --- [Thread-5] com.netflix.discovery.DiscoveryClient    : Application version is -1: true
2018-03-23 12:26:37.467  INFO 6006 --- [Thread-5] com.netflix.discovery.DiscoveryClient    : Getting all instance registry info from the eureka server
2018-03-23 12:26:37.833  INFO 6006 --- [Thread-5] com.netflix.discovery.DiscoveryClient    : The response status is 200
2018-03-23 12:26:37.837  INFO 6006 --- [Thread-5] com.netflix.discovery.DiscoveryClient    : Starting heartbeat executor: renew interval is: 30
2018-03-23 12:26:37.842  INFO 6006 --- [Thread-5] c.n.discovery.InstanceInfoReplicator     : InstanceInfoReplicator onDemand update allowed rate per min is 4
2018-03-23 12:26:37.849  INFO 6006 --- [Thread-5] com.netflix.discovery.DiscoveryClient    : Discovery Client initialized at timestamp 1521779197847 with initial instances count: 0
2018-03-23 12:26:37.857  INFO 6006 --- [Thread-5] com.netflix.discovery.DiscoveryClient    : Shutting down DiscoveryClient ...
2018-03-23 12:26:37.858  INFO 6006 --- [Thread-5] com.netflix.discovery.DiscoveryClient    : Unregistering ...
2018-03-23 12:26:37.909  INFO 6006 --- [Thread-5] com.netflix.discovery.DiscoveryClient    : DiscoveryClient_GATEWAY-SERVER:ABE8AC1E6C8975BF5C95309E852AF4BC/192.168.1.101:gateway-server:-1 - deregister  status: 404
2018-03-23 12:26:37.938  INFO 6006 --- [Thread-5] com.netflix.discovery.DiscoveryClient    : Completed shut down of DiscoveryClient
2018-03-23 12:27:50.073  INFO 6228 --- [main] c.r.g.GatewayServerApplicationTests      : No active profile set, falling back to default profiles: default
2018-03-23 12:27:50.094  INFO 6228 --- [main] o.s.w.c.s.GenericWebApplicationContext   : Refreshing org.springframework.web.context.support.GenericWebApplicationContext@2262b621: startup date [Fri Mar 23 12:27:50 CST 2018]; parent: org.springframework.context.annotation.AnnotationConfigApplicationContext@609bcfb6
2018-03-23 12:27:53.390  INFO 6228 --- [main] o.s.b.f.s.DefaultListableBeanFactory     : Overriding bean definition for bean 'environmentWebEndpointExtension' with a different definition: replacing [Root bean: class [null]; scope=; abstract=false; lazyInit=false; autowireMode=3; dependencyCheck=0; autowireCandidate=true; primary=false; factoryBeanName=org.springframework.boot.actuate.autoconfigure.env.EnvironmentEndpointAutoConfiguration; factoryMethodName=environmentWebEndpointExtension; initMethodName=null; destroyMethodName=(inferred); defined in class path resource [org/springframework/boot/actuate/autoconfigure/env/EnvironmentEndpointAutoConfiguration.class]] with [Root bean: class [null]; scope=; abstract=false; lazyInit=false; autowireMode=3; dependencyCheck=0; autowireCandidate=true; primary=false; factoryBeanName=org.springframework.cloud.autoconfigure.LifecycleMvcEndpointAutoConfiguration$EndpointConfiguration; factoryMethodName=environmentWebEndpointExtension; initMethodName=null; destroyMethodName=(inferred); defined in class path resource [org/springframework/cloud/autoconfigure/LifecycleMvcEndpointAutoConfiguration$EndpointConfiguration.class]]
2018-03-23 12:27:54.553  INFO 6228 --- [main] o.s.cloud.context.scope.GenericScope     : BeanFactory id=9f84b2c7-55ed-33e2-a717-10d86cb94d48
2018-03-23 12:27:54.727  INFO 6228 --- [main] f.a.AutowiredAnnotationBeanPostProcessor : JSR-330 'javax.inject.Inject' annotation found and supported for autowiring
2018-03-23 12:27:55.131  INFO 6228 --- [main] trationDelegate$BeanPostProcessorChecker : Bean 'org.springframework.cloud.autoconfigure.ConfigurationPropertiesRebinderAutoConfiguration' of type [org.springframework.cloud.autoconfigure.ConfigurationPropertiesRebinderAutoConfiguration$$EnhancerBySpringCGLIB$$552623b] is not eligible for getting processed by all BeanPostProcessors (for example: not eligible for auto-proxying)
2018-03-23 12:27:56.761  WARN 6228 --- [main] c.n.c.sources.URLConfigurationSource     : No URLs will be polled as dynamic configuration sources.
2018-03-23 12:27:56.765  INFO 6228 --- [main] c.n.c.sources.URLConfigurationSource     : To enable URLs as dynamic configuration sources, define System property archaius.configurationSource.additionalUrls or make config.properties available on classpath.
2018-03-23 12:27:57.124  WARN 6228 --- [main] c.n.c.sources.URLConfigurationSource     : No URLs will be polled as dynamic configuration sources.
2018-03-23 12:27:57.125  INFO 6228 --- [main] c.n.c.sources.URLConfigurationSource     : To enable URLs as dynamic configuration sources, define System property archaius.configurationSource.additionalUrls or make config.properties available on classpath.
2018-03-23 12:27:58.004  INFO 6228 --- [main] s.w.s.m.m.a.RequestMappingHandlerAdapter : Looking for @ControllerAdvice: org.springframework.web.context.support.GenericWebApplicationContext@2262b621: startup date [Fri Mar 23 12:27:50 CST 2018]; parent: org.springframework.context.annotation.AnnotationConfigApplicationContext@609bcfb6
2018-03-23 12:27:58.195  INFO 6228 --- [main] s.w.s.m.m.a.RequestMappingHandlerMapping : Mapped "{[/error],produces=[text/html]}" onto public org.springframework.web.servlet.ModelAndView org.springframework.boot.autoconfigure.web.servlet.error.BasicErrorController.errorHtml(javax.servlet.http.HttpServletRequest,javax.servlet.http.HttpServletResponse)
2018-03-23 12:27:58.206  INFO 6228 --- [main] s.w.s.m.m.a.RequestMappingHandlerMapping : Mapped "{[/error]}" onto public org.springframework.http.ResponseEntity<java.util.Map<java.lang.String, java.lang.Object>> org.springframework.boot.autoconfigure.web.servlet.error.BasicErrorController.error(javax.servlet.http.HttpServletRequest)
2018-03-23 12:27:58.352  INFO 6228 --- [main] o.s.w.s.handler.SimpleUrlHandlerMapping  : Mapped URL path [/webjars/**] onto handler of type [class org.springframework.web.servlet.resource.ResourceHttpRequestHandler]
2018-03-23 12:27:58.353  INFO 6228 --- [main] o.s.w.s.handler.SimpleUrlHandlerMapping  : Mapped URL path [/**] onto handler of type [class org.springframework.web.servlet.resource.ResourceHttpRequestHandler]
2018-03-23 12:27:58.453  INFO 6228 --- [main] o.s.w.s.handler.SimpleUrlHandlerMapping  : Mapped URL path [/**/favicon.ico] onto handler of type [class org.springframework.web.servlet.resource.ResourceHttpRequestHandler]
2018-03-23 12:28:02.132  INFO 6228 --- [main] s.b.a.e.w.s.WebMvcEndpointHandlerMapping : Mapped "{[/actuator/health],methods=[GET],produces=[application/vnd.spring-boot.actuator.v2+json || application/json]}" onto public java.lang.Object org.springframework.boot.actuate.endpoint.web.servlet.AbstractWebMvcEndpointHandlerMapping$OperationHandler.handle(javax.servlet.http.HttpServletRequest,java.util.Map<java.lang.String, java.lang.String>)
2018-03-23 12:28:02.135  INFO 6228 --- [main] s.b.a.e.w.s.WebMvcEndpointHandlerMapping : Mapped "{[/actuator/info],methods=[GET],produces=[application/vnd.spring-boot.actuator.v2+json || application/json]}" onto public java.lang.Object org.springframework.boot.actuate.endpoint.web.servlet.AbstractWebMvcEndpointHandlerMapping$OperationHandler.handle(javax.servlet.http.HttpServletRequest,java.util.Map<java.lang.String, java.lang.String>)
2018-03-23 12:28:02.137  INFO 6228 --- [main] s.b.a.e.w.s.WebMvcEndpointHandlerMapping : Mapped "{[/actuator],methods=[GET],produces=[application/vnd.spring-boot.actuator.v2+json || application/json]}" onto protected java.util.Map<java.lang.String, java.util.Map<java.lang.String, org.springframework.boot.actuate.endpoint.web.Link>> org.springframework.boot.actuate.endpoint.web.servlet.WebMvcEndpointHandlerMapping.links(javax.servlet.http.HttpServletRequest,javax.servlet.http.HttpServletResponse)
2018-03-23 12:28:02.436  INFO 6228 --- [main] o.s.c.support.DefaultLifecycleProcessor  : Starting beans in phase 0
2018-03-23 12:28:02.463  INFO 6228 --- [main] c.r.g.GatewayServerApplicationTests      : Started GatewayServerApplicationTests in 16.598 seconds (JVM running for 20.425)
2018-03-23 12:28:02.804  INFO 6228 --- [Thread-7] o.s.w.c.s.GenericWebApplicationContext   : Closing org.springframework.web.context.support.GenericWebApplicationContext@2262b621: startup date [Fri Mar 23 12:27:50 CST 2018]; parent: org.springframework.context.annotation.AnnotationConfigApplicationContext@609bcfb6
2018-03-23 12:28:02.851  INFO 6228 --- [Thread-7] o.s.c.n.eureka.InstanceInfoFactory       : Setting initial instance status as: STARTING
2018-03-23 12:28:02.870  INFO 6228 --- [Thread-7] o.s.c.n.e.s.EurekaServiceRegistry        : Unregistering application gateway-server:fbdcfbf3e11d5b40c21ca891f1283e7f with eureka with status DOWN
2018-03-23 12:28:02.877  INFO 6228 --- [Thread-7] o.s.c.support.DefaultLifecycleProcessor  : Stopping beans in phase 0
2018-03-23 12:28:03.027  INFO 6228 --- [Thread-7] com.netflix.discovery.DiscoveryClient    : Initializing Eureka in region us-east-1
2018-03-23 12:28:03.628  INFO 6228 --- [Thread-7] c.n.d.provider.DiscoveryJerseyProvider   : Using JSON encoding codec LegacyJacksonJson
2018-03-23 12:28:03.628  INFO 6228 --- [Thread-7] c.n.d.provider.DiscoveryJerseyProvider   : Using JSON decoding codec LegacyJacksonJson
2018-03-23 12:28:03.910  INFO 6228 --- [Thread-7] c.n.d.provider.DiscoveryJerseyProvider   : Using XML encoding codec XStreamXml
2018-03-23 12:28:03.911  INFO 6228 --- [Thread-7] c.n.d.provider.DiscoveryJerseyProvider   : Using XML decoding codec XStreamXml
2018-03-23 12:28:04.380  INFO 6228 --- [Thread-7] c.n.d.s.r.aws.ConfigClusterResolver      : Resolving eureka endpoints via configuration
2018-03-23 12:28:04.464  INFO 6228 --- [Thread-7] com.netflix.discovery.DiscoveryClient    : Disable delta property : false
2018-03-23 12:28:04.466  INFO 6228 --- [Thread-7] com.netflix.discovery.DiscoveryClient    : Single vip registry refresh property : null
2018-03-23 12:28:04.468  INFO 6228 --- [Thread-7] com.netflix.discovery.DiscoveryClient    : Force full registry fetch : false
2018-03-23 12:28:04.473  INFO 6228 --- [Thread-7] com.netflix.discovery.DiscoveryClient    : Application is null : false
2018-03-23 12:28:04.474  INFO 6228 --- [Thread-7] com.netflix.discovery.DiscoveryClient    : Registered Applications size is zero : true
2018-03-23 12:28:04.474  INFO 6228 --- [Thread-7] com.netflix.discovery.DiscoveryClient    : Application version is -1: true
2018-03-23 12:28:04.475  INFO 6228 --- [Thread-7] com.netflix.discovery.DiscoveryClient    : Getting all instance registry info from the eureka server
2018-03-23 12:28:05.163  INFO 6228 --- [Thread-7] com.netflix.discovery.DiscoveryClient    : The response status is 200
2018-03-23 12:28:05.167  INFO 6228 --- [Thread-7] com.netflix.discovery.DiscoveryClient    : Starting heartbeat executor: renew interval is: 30
2018-03-23 12:28:05.190  INFO 6228 --- [Thread-7] c.n.discovery.InstanceInfoReplicator     : InstanceInfoReplicator onDemand update allowed rate per min is 4
2018-03-23 12:28:05.197  INFO 6228 --- [Thread-7] com.netflix.discovery.DiscoveryClient    : Discovery Client initialized at timestamp 1521779285195 with initial instances count: 0
2018-03-23 12:28:05.206  INFO 6228 --- [Thread-7] com.netflix.discovery.DiscoveryClient    : Shutting down DiscoveryClient ...
2018-03-23 12:28:05.209  INFO 6228 --- [Thread-7] com.netflix.discovery.DiscoveryClient    : Unregistering ...
2018-03-23 12:28:05.263  INFO 6228 --- [Thread-7] com.netflix.discovery.DiscoveryClient    : DiscoveryClient_GATEWAY-SERVER:FBDCFBF3E11D5B40C21CA891F1283E7F/192.168.1.101:gateway-server:-1 - deregister  status: 404
2018-03-23 12:28:05.303  INFO 6228 --- [Thread-7] com.netflix.discovery.DiscoveryClient    : Completed shut down of DiscoveryClient
